#
# A fatal error has been detected by the Java Runtime Environment:
#
#  EXCEPTION_ACCESS_VIOLATION (0xc0000005) at pc=0x000007feeeed1be9, pid=7312, tid=8144
#
# JRE version:  (18.0.1+10) (build )
# Java VM: Java HotSpot(TM) 64-Bit Server VM (18.0.1+10-24, mixed mode, sharing, tiered, unknown gc, windows-amd64)
# Problematic frame:
# C  [jimage.dll+0x1be9]
#
# No core dump will be written. Minidumps are not enabled by default on client versions of Windows
#
#

---------------  S U M M A R Y ------------

Command Line: 

Host: Pentium(R) Dual-Core CPU       T4500  @ 2.30GHz, 2 cores, 1G,  Windows 7 , 64 bit Build 7601 (6.1.7601.24559)
Time: Sat Jul 27 16:49:25 2024 India Standard Time elapsed time: 0.679883 seconds (0d 0h 0m 0s)

---------------  T H R E A D  ---------------

Current thread is native thread

Stack: [0x0000000002130000,0x0000000002230000],  sp=0x000000000222d6d0,  free space=1013k
Native frames: (J=compiled Java code, j=interpreted, Vv=VM code, C=native code)
C  [jimage.dll+0x1be9]


siginfo: EXCEPTION_ACCESS_VIOLATION (0xc0000005), reading address 0x000000000000b78c


Registers:
RAX=0x0000000000002ddc, RBX=0x000000000222d7c1, RCX=0x000007feeeed6000, RDX=0x0000000000002ddc
RSP=0x000000000222d6d0, RBP=0x000000000222d7c0, RSI=0x000000000000723c, RDI=0x000000000222d7c0
R8 =0x000007feeeed4288, R9 =0x000000000000001c, R10=0x000007fef03f0000, R11=0x000007feeeed6000
R12=0x0000000000000000, R13=0x000000000222fbe0, R14=0x000000000222e830, R15=0x000007feef7e1488
RIP=0x000007feeeed1be9, EFLAGS=0x0000000000010246

Top of Stack: (sp=0x000000000222d6d0)
0x000000000222d6d0:   000000000001e4f0 000000000245dfa0
0x000000000222d6e0:   0000000000001000 0000000000000004
0x000000000222d6f0:   00000000002aaa10 000007feeeed1d77
0x000000000222d700:   000000000000000b 00000000002aaa10
0x000000000222d710:   0000000002420158 0000000002420000
0x000000000222d720:   00000000776f66a0 00000000777c3757
0x000000000222d730:   0000000000800000 00000000024a0000
0x000000000222d740:   0000000000fd0000 000000000001f000
0x000000000222d750:   0000000077744010 000000000222d884
0x000000000222d760:   0000ae71efdf089a 0000000000040b68
0x000000000222d770:   000007feef7c0bc0 0000000000000017
0x000000000222d780:   00000000002aaa10 000000000222e830
0x000000000222d790:   000000000000000b 000007feeeed2655
0x000000000222d7a0:   0000000002420230 0000000000000000
0x000000000222d7b0:   00000000776f3128 00000000000003ff
0x000000000222d7c0:   61622e6176616a2f 692f6b646a2f6573 

Instructions: (pc=0x000007feeeed1be9)
0x000007feeeed1ae9:   48 85 c9 74 1d 80 3d 1b 45 00 00 00 74 06 48 8b
0x000007feeeed1af9:   53 18 eb 04 48 8b 53 40 e8 ae 0e 00 00 48 83 63
0x000007feeeed1b09:   48 00 8b 4b 0c 83 f9 ff 74 09 e8 e4 0c 00 00 83
0x000007feeeed1b19:   4b 0c ff 48 8b 4b 70 48 85 c9 74 0f ba 10 00 00
0x000007feeeed1b29:   00 e8 fd 0e 00 00 48 83 63 70 00 48 83 c4 20 5b
0x000007feeeed1b39:   c3 cc cc 40 53 48 83 ec 20 48 8b d9 48 8d 0d d4
0x000007feeeed1b49:   46 00 00 e8 b3 0c 00 00 83 6b 08 01 75 24 48 8b
0x000007feeeed1b59:   d3 48 8d 0d b7 44 00 00 e8 22 08 00 00 48 8b cb
0x000007feeeed1b69:   e8 de fe ff ff ba 78 00 00 00 48 8b cb e8 b1 0e
0x000007feeeed1b79:   00 00 48 8d 0d 9e 46 00 00 48 83 c4 20 5b e9 80
0x000007feeeed1b89:   0c 00 00 48 89 5c 24 08 48 89 74 24 10 57 48 83
0x000007feeeed1b99:   ec 20 41 8b f1 4d 8b c8 48 8b fa 4c 8b d9 4d 85
0x000007feeeed1ba9:   c0 74 78 85 f6 74 74 44 8a 12 48 8d 5a 01 48 8b
0x000007feeeed1bb9:   d3 b8 93 01 00 01 eb 12 69 c0 93 01 00 01 41 0f
0x000007feeeed1bc9:   b6 ca 44 8a 12 33 c1 48 ff c2 45 84 d2 75 e9 4d
0x000007feeeed1bd9:   8b 03 0f ba f0 1f 33 d2 49 8b cb f7 f6 48 63 c2
0x000007feeeed1be9:   41 8b 14 81 41 ff 50 08 85 c0 7e 24 8a 0f eb 10
0x000007feeeed1bf9:   69 c0 93 01 00 01 0f b6 c9 33 c1 8a 0b 48 ff c3
0x000007feeeed1c09:   84 c9 75 ec 0f ba f0 1f 33 d2 f7 f6 8b c2 eb 0e
0x000007feeeed1c19:   79 09 83 c9 ff 2b c8 8b c1 eb 03 83 c8 ff 48 8b
0x000007feeeed1c29:   5c 24 30 48 8b 74 24 38 48 83 c4 20 5f c3 cc 48
0x000007feeeed1c39:   89 5c 24 08 48 89 74 24 10 57 48 83 ec 20 48 8b
0x000007feeeed1c49:   f1 48 8d 0d cf 45 00 00 e8 ae 0b 00 00 33 ff 39
0x000007feeeed1c59:   3d ba 43 00 00 76 24 48 8b 05 b9 43 00 00 48 8b
0x000007feeeed1c69:   d6 48 8b 1c f8 48 8b 0b e8 64 1e 00 00 85 c0 74
0x000007feeeed1c79:   2b ff c7 3b 3d 96 43 00 00 72 dc 33 db 48 8d 0d
0x000007feeeed1c89:   93 45 00 00 e8 7a 0b 00 00 48 8b 74 24 38 48 8b
0x000007feeeed1c99:   c3 48 8b 5c 24 30 48 83 c4 20 5f c3 ff 43 08 eb
0x000007feeeed1ca9:   dc cc cc 48 89 5c 24 08 48 89 74 24 10 57 48 83
0x000007feeeed1cb9:   ec 20 48 8b d9 48 8b f2 48 8b 49 10 49 8b f8 8b
0x000007feeeed1cc9:   53 30 48 8b 01 ff 50 20 4c 8b 43 50 48 8b d6 48
0x000007feeeed1cd9:   8b 4b 10 44 8b c8 e8 a8 fe ff ff 83 f8 ff 74 38 



---------------  P R O C E S S  ---------------

VM state: not at safepoint (not fully initialized)

VM Mutex/Monitor currently owned by a thread: None

GC Precious Log:
<Not initialized>


Dynamic libraries:
0x000000013fd80000 - 0x000000013fd90000 	C:\Program Files\Java\jdk-18.0.1\bin\javaw.exe
0x00000000776f0000 - 0x000000007788f000 	C:\Windows\SYSTEM32\ntdll.dll
0x00000000774d0000 - 0x00000000775f0000 	C:\Windows\system32\kernel32.dll
0x000007fefd490000 - 0x000007fefd4f7000 	C:\Windows\system32\KERNELBASE.dll
0x000007fef7f70000 - 0x000007fef7f88000 	C:\Program Files\Java\jdk-18.0.1\bin\jli.dll
0x000007fefdf20000 - 0x000007fefdffb000 	C:\Windows\system32\ADVAPI32.dll
0x000007fefd8d0000 - 0x000007fefd96f000 	C:\Windows\system32\msvcrt.dll
0x000007fefe490000 - 0x000007fefe4af000 	C:\Windows\SYSTEM32\sechost.dll
0x000007fefd7a0000 - 0x000007fefd8cc000 	C:\Windows\system32\RPCRT4.dll
0x000007fefbc70000 - 0x000007fefbe65000 	C:\Windows\WinSxS\amd64_microsoft.windows.common-controls_6595b64144ccf1df_6.0.7601.24483_none_e372d88f30fbb845\COMCTL32.dll
0x000007fefe4c0000 - 0x000007fefe527000 	C:\Windows\system32\GDI32.dll
0x00000000775f0000 - 0x00000000776eb000 	C:\Windows\system32\USER32.dll
0x000007fefe4b0000 - 0x000007fefe4be000 	C:\Windows\system32\LPK.dll
0x000007fefd600000 - 0x000007fefd6cb000 	C:\Windows\system32\USP10.dll
0x000007fefe0a0000 - 0x000007fefe111000 	C:\Windows\system32\SHLWAPI.dll
0x000007fefc300000 - 0x000007fefc30c000 	C:\Windows\system32\VERSION.dll
0x000007fef03f0000 - 0x000007fef040a000 	C:\Program Files\Java\jdk-18.0.1\bin\VCRUNTIME140.dll
0x000007fef5d40000 - 0x000007fef5d44000 	C:\Program Files\Java\jdk-18.0.1\bin\api-ms-win-crt-runtime-l1-1-0.dll
0x000007feefb80000 - 0x000007feefc7a000 	C:\Program Files\Java\jdk-18.0.1\bin\ucrtbase.DLL
0x000007fef0710000 - 0x000007fef0713000 	C:\Program Files\Java\jdk-18.0.1\bin\api-ms-win-core-localization-l1-2-0.dll
0x000007fef03e0000 - 0x000007fef03e3000 	C:\Program Files\Java\jdk-18.0.1\bin\api-ms-win-core-processthreads-l1-1-1.dll
0x000007fef0000000 - 0x000007fef0003000 	C:\Program Files\Java\jdk-18.0.1\bin\api-ms-win-core-file-l1-2-0.dll
0x000007feefdb0000 - 0x000007feefdb3000 	C:\Program Files\Java\jdk-18.0.1\bin\api-ms-win-core-timezone-l1-1-0.dll
0x000007feefda0000 - 0x000007feefda3000 	C:\Program Files\Java\jdk-18.0.1\bin\api-ms-win-core-file-l2-1-0.dll
0x000007feefd90000 - 0x000007feefd93000 	C:\Program Files\Java\jdk-18.0.1\bin\api-ms-win-core-synch-l1-2-0.dll
0x000007feefd80000 - 0x000007feefd83000 	C:\Program Files\Java\jdk-18.0.1\bin\api-ms-win-crt-heap-l1-1-0.dll
0x000007feefd50000 - 0x000007feefd54000 	C:\Program Files\Java\jdk-18.0.1\bin\api-ms-win-crt-string-l1-1-0.dll
0x000007feefd40000 - 0x000007feefd44000 	C:\Program Files\Java\jdk-18.0.1\bin\api-ms-win-crt-stdio-l1-1-0.dll
0x000007feefd30000 - 0x000007feefd34000 	C:\Program Files\Java\jdk-18.0.1\bin\api-ms-win-crt-convert-l1-1-0.dll
0x000007feefd20000 - 0x000007feefd23000 	C:\Program Files\Java\jdk-18.0.1\bin\api-ms-win-crt-environment-l1-1-0.dll
0x000007feefd10000 - 0x000007feefd13000 	C:\Program Files\Java\jdk-18.0.1\bin\api-ms-win-crt-filesystem-l1-1-0.dll
0x000007feefd00000 - 0x000007feefd05000 	C:\Program Files\Java\jdk-18.0.1\bin\api-ms-win-crt-math-l1-1-0.dll
0x000007feefcf0000 - 0x000007feefcf3000 	C:\Program Files\Java\jdk-18.0.1\bin\api-ms-win-crt-locale-l1-1-0.dll
0x000007fefd6d0000 - 0x000007fefd6fe000 	C:\Windows\system32\IMM32.DLL
0x000007fefdc80000 - 0x000007fefdd8b000 	C:\Windows\system32\MSCTF.dll
0x000007feefce0000 - 0x000007feefcec000 	C:\Program Files\Java\jdk-18.0.1\bin\vcruntime140_1.dll
0x000007feefaf0000 - 0x000007feefb7d000 	C:\Program Files\Java\jdk-18.0.1\bin\msvcp140.dll
0x000007feefcd0000 - 0x000007feefcd3000 	C:\Program Files\Java\jdk-18.0.1\bin\api-ms-win-crt-time-l1-1-0.dll
0x000007feefcc0000 - 0x000007feefcc3000 	C:\Program Files\Java\jdk-18.0.1\bin\api-ms-win-crt-utility-l1-1-0.dll
0x000007feeeee0000 - 0x000007feefaf0000 	C:\Program Files\Java\jdk-18.0.1\bin\server\jvm.dll
0x000007fef3e70000 - 0x000007fef3e79000 	C:\Windows\system32\WSOCK32.dll
0x000007fefd970000 - 0x000007fefd9bd000 	C:\Windows\system32\WS2_32.dll
0x000007fefe530000 - 0x000007fefe538000 	C:\Windows\system32\NSI.dll
0x000007fef61f0000 - 0x000007fef622b000 	C:\Windows\system32\WINMM.dll
0x00000000778a0000 - 0x00000000778a7000 	C:\Windows\system32\PSAPI.DLL
0x000007feeeed0000 - 0x000007feeeeda000 	C:\Program Files\Java\jdk-18.0.1\bin\jimage.dll
0x000007fef6e00000 - 0x000007fef6f25000 	C:\Windows\system32\DBGHELP.DLL

dbghelp: loaded successfully - version: 4.0.5 - missing functions: none
symbol engine: initialized successfully - sym options: 0x614 - pdb path: .;C:\Program Files\Java\jdk-18.0.1\bin;C:\Windows\SYSTEM32;C:\Windows\WinSxS\amd64_microsoft.windows.common-controls_6595b64144ccf1df_6.0.7601.24483_none_e372d88f30fbb845;C:\Program Files\Java\jdk-18.0.1\bin\server

VM Arguments:
java_command: <unknown>
java_class_path (initial): <not set>
Launcher Type: SUN_STANDARD

[Global flags]
     bool UseLargePagesIndividualAllocation        = false                                  {pd product} {ergonomic}

Logging:
Log output configuration:
 #0: stdout all=warning uptime,level,tags foldmultilines=false
 #1: stderr all=off uptime,level,tags foldmultilines=false

Environment Variables:
PATH=C:\Program Files\Common Files\Oracle\Java\javapath;C:\Windows\system32;C:\Windows;C:\Windows\System32\Wbem;C:\Windows\System32\WindowsPowerShell\v1.0\;C:\Program Files\Git\cmd;D:\apache-maven-3.9.6\bin;C:\Users\user\AppData\Roaming\npm
USERNAME=user
OS=Windows_NT
PROCESSOR_IDENTIFIER=Intel64 Family 6 Model 23 Stepping 10, GenuineIntel



---------------  S Y S T E M  ---------------

OS:
 Windows 7 , 64 bit Build 7601 (6.1.7601.24559)
OS uptime: 0 days 6:58 hours

CPU: total 2 (initial active 0) 

Memory: 4k page, system-wide physical 1978M (66M free)
TotalPageFile size 7912M (AvailPageFile size 3M)
current process WorkingSet (physical memory assigned to process): 6M, peak: 6M
current process commit charge ("private bytes"): 3M, peak: 3M

vm_info: Java HotSpot(TM) 64-Bit Server VM (18.0.1+10-24) for windows-amd64 JRE (18.0.1+10-24), built on Mar  9 2022 22:41:56 by "mach5one" with MS VC++ 16.8 / 16.9 (VS2019)

END.
